  main.cpp
c:\users\anthony\source\repos\assignment1\assignment1\cube.h(59): warning C4305: '=': truncation from 'double' to 'float'
c:\users\anthony\source\repos\assignment1\assignment1\cube.h(64): warning C4305: '=': truncation from 'double' to 'float'
c:\users\anthony\source\repos\assignment1\assignment1\main.cpp(22): warning C4244: 'initializing': conversion from 'double' to 'float', possible loss of data
c:\users\anthony\source\repos\assignment1\assignment1\main.cpp(23): warning C4244: 'initializing': conversion from 'double' to 'float', possible loss of data
c:\users\anthony\source\repos\assignment1\assignment1\main.cpp(24): warning C4244: 'initializing': conversion from 'double' to 'float', possible loss of data
c:\users\anthony\source\repos\assignment1\assignment1\main.cpp(172): warning C4305: 'initializing': truncation from 'double' to 'float'
c:\users\anthony\source\repos\assignment1\assignment1\main.cpp(185): warning C4305: 'initializing': truncation from 'double' to 'float'
c:\users\anthony\source\repos\assignment1\assignment1\main.cpp(248): warning C4244: 'argument': conversion from 'double' to 'float', possible loss of data
c:\users\anthony\source\repos\assignment1\assignment1\main.cpp(249): warning C4244: 'argument': conversion from 'double' to 'float', possible loss of data
c:\users\anthony\source\repos\assignment1\assignment1\main.cpp(291): warning C4244: 'argument': conversion from 'double' to 'GLfloat', possible loss of data
c:\users\anthony\source\repos\assignment1\assignment1\main.cpp(313): warning C4244: 'argument': conversion from 'double' to 'GLfloat', possible loss of data
c:\users\anthony\source\repos\assignment1\assignment1\main.cpp(345): warning C4244: 'argument': conversion from 'double' to 'GLfloat', possible loss of data
c:\users\anthony\source\repos\assignment1\assignment1\main.cpp(347): warning C4244: 'argument': conversion from 'double' to 'GLfloat', possible loss of data
c:\users\anthony\source\repos\assignment1\assignment1\main.cpp(351): warning C4244: 'argument': conversion from 'double' to 'GLfloat', possible loss of data
c:\users\anthony\source\repos\assignment1\assignment1\main.cpp(355): warning C4244: 'argument': conversion from 'double' to 'GLfloat', possible loss of data
c:\users\anthony\source\repos\assignment1\assignment1\main.cpp(360): warning C4244: 'argument': conversion from 'double' to 'GLfloat', possible loss of data
c:\users\anthony\source\repos\assignment1\assignment1\main.cpp(368): warning C4244: 'argument': conversion from 'double' to 'GLfloat', possible loss of data
c:\users\anthony\source\repos\assignment1\assignment1\main.cpp(399): warning C4244: 'argument': conversion from 'double' to 'GLfloat', possible loss of data
c:\users\anthony\source\repos\assignment1\assignment1\main.cpp(401): warning C4244: 'argument': conversion from 'double' to 'GLfloat', possible loss of data
c:\users\anthony\source\repos\assignment1\assignment1\main.cpp(405): warning C4244: 'argument': conversion from 'double' to 'GLfloat', possible loss of data
c:\users\anthony\source\repos\assignment1\assignment1\main.cpp(409): warning C4244: 'argument': conversion from 'double' to 'GLfloat', possible loss of data
c:\users\anthony\source\repos\assignment1\assignment1\main.cpp(414): warning C4244: 'argument': conversion from 'double' to 'GLfloat', possible loss of data
c:\users\anthony\source\repos\assignment1\assignment1\main.cpp(422): warning C4244: 'argument': conversion from 'double' to 'GLfloat', possible loss of data
c:\users\anthony\source\repos\assignment1\assignment1\main.cpp(458): warning C4244: 'argument': conversion from 'double' to 'GLfloat', possible loss of data
c:\users\anthony\source\repos\assignment1\assignment1\main.cpp(478): warning C4244: 'argument': conversion from 'double' to 'GLfloat', possible loss of data
c:\users\anthony\source\repos\assignment1\assignment1\main.cpp(480): warning C4244: 'argument': conversion from 'double' to 'GLfloat', possible loss of data
c:\users\anthony\source\repos\assignment1\assignment1\main.cpp(491): warning C4305: 'argument': truncation from 'double' to 'GLfloat'
c:\users\anthony\source\repos\assignment1\assignment1\main.cpp(494): warning C4305: 'argument': truncation from 'double' to 'GLfloat'
c:\users\anthony\source\repos\assignment1\assignment1\main.cpp(496): warning C4305: 'argument': truncation from 'double' to 'GLfloat'
c:\users\anthony\source\repos\assignment1\assignment1\main.cpp(499): warning C4305: 'argument': truncation from 'double' to 'GLfloat'
c:\users\anthony\source\repos\assignment1\assignment1\main.cpp(502): warning C4305: 'argument': truncation from 'double' to 'GLfloat'
c:\users\anthony\source\repos\assignment1\assignment1\main.cpp(504): warning C4305: 'argument': truncation from 'double' to 'GLfloat'
c:\users\anthony\source\repos\assignment1\assignment1\main.cpp(518): warning C4244: 'argument': conversion from 'double' to 'GLfloat', possible loss of data
c:\users\anthony\source\repos\assignment1\assignment1\main.cpp(520): warning C4244: 'argument': conversion from 'double' to 'GLfloat', possible loss of data
c:\users\anthony\source\repos\assignment1\assignment1\main.cpp(531): warning C4305: 'argument': truncation from 'double' to 'GLfloat'
c:\users\anthony\source\repos\assignment1\assignment1\main.cpp(534): warning C4305: 'argument': truncation from 'double' to 'GLfloat'
c:\users\anthony\source\repos\assignment1\assignment1\main.cpp(536): warning C4305: 'argument': truncation from 'double' to 'GLfloat'
c:\users\anthony\source\repos\assignment1\assignment1\main.cpp(539): warning C4305: 'argument': truncation from 'double' to 'GLfloat'
c:\users\anthony\source\repos\assignment1\assignment1\main.cpp(542): warning C4305: 'argument': truncation from 'double' to 'GLfloat'
c:\users\anthony\source\repos\assignment1\assignment1\main.cpp(544): warning C4305: 'argument': truncation from 'double' to 'GLfloat'
c:\users\anthony\source\repos\assignment1\assignment1\main.cpp(589): warning C4305: 'argument': truncation from 'double' to 'GLfloat'
  Assignment1.vcxproj -> C:\Users\Anthony\source\repos\Assignment1\Debug\Assignment1.exe
          1 file(s) copied.
